d:\cpp\hook_exercise\hook_exercise\debug\inject.obj
d:\cpp\hook_exercise\hook_exercise\debug\vc100.pdb
d:\cpp\hook_exercise\debug\hook_exercise.ilk
d:\cpp\hook_exercise\debug\hook_exercise.exe
d:\cpp\hook_exercise\hook_exercise\debug\hook_exercise.exe.intermediate.manifest
d:\cpp\hook_exercise\debug\hook_exercise.pdb
d:\cpp\hook_exercise\hook_exercise\debug\vc140.pdb
d:\cpp\hook_exercise\hook_exercise\debug\vc140.idb
d:\cpp\hook_exercise\hook_exercise\debug\main.obj
d:\cpp\hook_exercise\hook_exercise\debug\hook_exercise.vcxprojresolveassemblyreference.cache
d:\cpp\hook_exercise\hook_exercise\debug\cl.command.1.tlog
d:\cpp\hook_exercise\hook_exercise\debug\cl.read.1.tlog
d:\cpp\hook_exercise\hook_exercise\debug\cl.write.1.tlog
d:\cpp\hook_exercise\hook_exercise\debug\hook_exercise.write.1.tlog
d:\cpp\hook_exercise\hook_exercise\debug\link.command.1.tlog
d:\cpp\hook_exercise\hook_exercise\debug\link.read.1.tlog
d:\cpp\hook_exercise\hook_exercise\debug\link.write.1.tlog
d:\cpp\hook_exercise\hook_exercise\debug\mt.command.1.tlog
d:\cpp\hook_exercise\hook_exercise\debug\mt.read.1.tlog
d:\cpp\hook_exercise\hook_exercise\debug\mt.write.1.tlog
d:\cpp\hook_exercise\hook_exercise\debug\vc100.idb
d:\cpp\hook_exercise\hook_exercise\debug\hook_exercise.tlog\cl.command.1.tlog
d:\cpp\hook_exercise\hook_exercise\debug\hook_exercise.tlog\cl.read.1.tlog
d:\cpp\hook_exercise\hook_exercise\debug\hook_exercise.tlog\cl.write.1.tlog
d:\cpp\hook_exercise\hook_exercise\debug\hook_exercise.tlog\link-cvtres.read.1.tlog
d:\cpp\hook_exercise\hook_exercise\debug\hook_exercise.tlog\link-cvtres.write.1.tlog
d:\cpp\hook_exercise\hook_exercise\debug\hook_exercise.tlog\link-rc.read.1.tlog
d:\cpp\hook_exercise\hook_exercise\debug\hook_exercise.tlog\link-rc.write.1.tlog
d:\cpp\hook_exercise\hook_exercise\debug\hook_exercise.tlog\link.command.1.tlog
d:\cpp\hook_exercise\hook_exercise\debug\hook_exercise.tlog\link.read.1.tlog
d:\cpp\hook_exercise\hook_exercise\debug\hook_exercise.tlog\link.write.1.tlog
